<?xml version="1.0" encoding="UTF-8"?>
<testng-results ignored="0" total="2" passed="2" failed="0" skipped="0">
  <reporter-output>
  </reporter-output>
  <suite started-at="2024-12-07T00:58:36 IST" name="Default suite" finished-at="2024-12-07T00:58:39 IST" duration-ms="3533">
    <groups>
    </groups>
    <test started-at="2024-12-07T00:58:36 IST" name="Default test" finished-at="2024-12-07T00:58:39 IST" duration-ms="3533">
      <class name="WaysToCreatePOSTReq.PostRequest">
        <test-method signature="testPostUsingPojoClass()[pri:1, instance:WaysToCreatePOSTReq.PostRequest@71a8adcf]" started-at="2024-12-07T00:58:36 IST" name="testPostUsingPojoClass" finished-at="2024-12-07T00:58:39 IST" duration-ms="3392" status="PASS">
          <reporter-output>
          </reporter-output>
        </test-method> <!-- testPostUsingPojoClass -->
        <test-method signature="TestDelete()[pri:2, instance:WaysToCreatePOSTReq.PostRequest@71a8adcf]" started-at="2024-12-07T00:58:39 IST" name="TestDelete" finished-at="2024-12-07T00:58:39 IST" duration-ms="78" status="PASS">
          <reporter-output>
          </reporter-output>
        </test-method> <!-- TestDelete -->
      </class> <!-- WaysToCreatePOSTReq.PostRequest -->
    </test> <!-- Default test -->
  </suite> <!-- Default suite -->
</testng-results>
