<?xml version="1.0" encoding="UTF-8"?>
<testng-results ignored="0" total="5" passed="5" failed="0" skipped="0">
  <reporter-output>
  </reporter-output>
  <suite started-at="2023-08-22T14:19:39 IST" name="Default suite" finished-at="2023-08-22T14:19:39 IST" duration-ms="91">
    <groups>
    </groups>
    <test started-at="2023-08-22T14:19:39 IST" name="Default test" finished-at="2023-08-22T14:19:39 IST" duration-ms="91">
      <class name="TestNGAnnotation.DeoendentMethods">
        <test-method signature="openapp()[pri:1, instance:TestNGAnnotation.DeoendentMethods@793f29ff]" started-at="2023-08-22T14:19:39 IST" name="openapp" finished-at="2023-08-22T14:19:39 IST" duration-ms="7" status="PASS">
          <reporter-output>
          </reporter-output>
        </test-method> <!-- openapp -->
        <test-method signature="login()[pri:2, instance:TestNGAnnotation.DeoendentMethods@793f29ff]" started-at="2023-08-22T14:19:39 IST" name="login" finished-at="2023-08-22T14:19:39 IST" duration-ms="2" status="PASS">
          <reporter-output>
          </reporter-output>
        </test-method> <!-- login -->
        <test-method signature="Search()[pri:3, instance:TestNGAnnotation.DeoendentMethods@793f29ff]" started-at="2023-08-22T14:19:39 IST" name="Search" finished-at="2023-08-22T14:19:39 IST" duration-ms="15" status="PASS">
          <reporter-output>
          </reporter-output>
        </test-method> <!-- Search -->
        <test-method signature="adSearch()[pri:4, instance:TestNGAnnotation.DeoendentMethods@793f29ff]" started-at="2023-08-22T14:19:39 IST" name="adSearch" finished-at="2023-08-22T14:19:39 IST" duration-ms="3" status="PASS">
          <reporter-output>
          </reporter-output>
        </test-method> <!-- adSearch -->
        <test-method signature="logout()[pri:5, instance:TestNGAnnotation.DeoendentMethods@793f29ff]" started-at="2023-08-22T14:19:39 IST" name="logout" finished-at="2023-08-22T14:19:39 IST" duration-ms="2" status="PASS">
          <reporter-output>
          </reporter-output>
        </test-method> <!-- logout -->
      </class> <!-- TestNGAnnotation.DeoendentMethods -->
    </test> <!-- Default test -->
  </suite> <!-- Default suite -->
</testng-results>
