<?xml version="1.0" encoding="UTF-8"?>
<!-- Generated by org.testng.reporters.JUnitXMLReporter -->
<testsuite ignored="0" hostname="Manikets-MacBook-Air.local" failures="0" tests="5" name="Default test" time="0.091" errors="0" timestamp="2023-08-22T14:19:39 IST">
  <testcase classname="TestNGAnnotation.DeoendentMethods" name="openapp" time="0.007"/>
  <testcase classname="TestNGAnnotation.DeoendentMethods" name="login" time="0.002"/>
  <testcase classname="TestNGAnnotation.DeoendentMethods" name="Search" time="0.015"/>
  <testcase classname="TestNGAnnotation.DeoendentMethods" name="adSearch" time="0.003"/>
  <testcase classname="TestNGAnnotation.DeoendentMethods" name="logout" time="0.002"/>
</testsuite> <!-- Default test -->
